{"/home/jose/Projects/homewatch/clients/js/src/api.js":{"path":"/home/jose/Projects/homewatch/clients/js/src/api.js","s":{"1":1,"2":1,"3":2,"4":2,"5":4,"6":5,"7":1},"b":{},"f":{"1":2,"2":4,"3":5},"fnMap":{"1":{"name":"(anonymous_1)","line":5,"loc":{"start":{"line":5,"column":13},"end":{"line":5,"column":25}}},"2":{"name":"(anonymous_2)","line":10,"loc":{"start":{"line":10,"column":11},"end":{"line":10,"column":14}}},"3":{"name":"(anonymous_3)","line":17,"loc":{"start":{"line":17,"column":11},"end":{"line":17,"column":14}}}},"statementMap":{"1":{"start":{"line":1,"column":0},"end":{"line":1,"column":33}},"2":{"start":{"line":2,"column":0},"end":{"line":2,"column":33}},"3":{"start":{"line":6,"column":4},"end":{"line":6,"column":19}},"4":{"start":{"line":7,"column":4},"end":{"line":7,"column":21}},"5":{"start":{"line":11,"column":4},"end":{"line":11,"column":27}},"6":{"start":{"line":18,"column":4},"end":{"line":18,"column":27}},"7":{"start":{"line":22,"column":0},"end":{"line":22,"column":27}}},"branchMap":{}},"/home/jose/Projects/homewatch/clients/js/src/users.js":{"path":"/home/jose/Projects/homewatch/clients/js/src/users.js","s":{"1":1,"2":4,"3":4,"4":1,"5":1,"6":1,"7":1,"8":1,"9":1,"10":1,"11":1},"b":{},"f":{"1":4,"2":1,"3":1,"4":1,"5":1},"fnMap":{"1":{"name":"(anonymous_1)","line":4,"loc":{"start":{"line":4,"column":13},"end":{"line":4,"column":23}}},"2":{"name":"(anonymous_2)","line":13,"loc":{"start":{"line":13,"column":10},"end":{"line":13,"column":34}}},"3":{"name":"(anonymous_3)","line":25,"loc":{"start":{"line":25,"column":7},"end":{"line":25,"column":25}}},"4":{"name":"(anonymous_4)","line":36,"loc":{"start":{"line":36,"column":13},"end":{"line":36,"column":16}}},"5":{"name":"(anonymous_5)","line":40,"loc":{"start":{"line":40,"column":19},"end":{"line":40,"column":43}}}},"statementMap":{"1":{"start":{"line":1,"column":0},"end":{"line":1,"column":31}},"2":{"start":{"line":5,"column":4},"end":{"line":5,"column":27}},"3":{"start":{"line":6,"column":4},"end":{"line":10,"column":7}},"4":{"start":{"line":14,"column":4},"end":{"line":20,"column":6}},"5":{"start":{"line":22,"column":4},"end":{"line":22,"column":43}},"6":{"start":{"line":26,"column":4},"end":{"line":31,"column":6}},"7":{"start":{"line":33,"column":4},"end":{"line":33,"column":42}},"8":{"start":{"line":37,"column":4},"end":{"line":37,"column":39}},"9":{"start":{"line":41,"column":4},"end":{"line":47,"column":6}},"10":{"start":{"line":49,"column":4},"end":{"line":49,"column":45}},"11":{"start":{"line":53,"column":0},"end":{"line":53,"column":23}}},"branchMap":{}},"/home/jose/Projects/homewatch/clients/js/src/homes.js":{"path":"/home/jose/Projects/homewatch/clients/js/src/homes.js","s":{"1":1,"2":5,"3":5,"4":1,"5":1,"6":1,"7":1,"8":1,"9":1},"b":{},"f":{"1":5,"2":1,"3":1,"4":1,"5":1,"6":1},"fnMap":{"1":{"name":"(anonymous_1)","line":4,"loc":{"start":{"line":4,"column":13},"end":{"line":4,"column":23}}},"2":{"name":"(anonymous_2)","line":17,"loc":{"start":{"line":17,"column":11},"end":{"line":17,"column":14}}},"3":{"name":"(anonymous_3)","line":26,"loc":{"start":{"line":26,"column":9},"end":{"line":26,"column":14}}},"4":{"name":"(anonymous_4)","line":38,"loc":{"start":{"line":38,"column":12},"end":{"line":38,"column":19}}},"5":{"name":"(anonymous_5)","line":51,"loc":{"start":{"line":51,"column":12},"end":{"line":51,"column":23}}},"6":{"name":"(anonymous_6)","line":55,"loc":{"start":{"line":55,"column":12},"end":{"line":55,"column":17}}}},"statementMap":{"1":{"start":{"line":1,"column":0},"end":{"line":1,"column":31}},"2":{"start":{"line":5,"column":4},"end":{"line":5,"column":27}},"3":{"start":{"line":6,"column":4},"end":{"line":10,"column":7}},"4":{"start":{"line":18,"column":4},"end":{"line":18,"column":36}},"5":{"start":{"line":27,"column":4},"end":{"line":27,"column":42}},"6":{"start":{"line":39,"column":4},"end":{"line":39,"column":47}},"7":{"start":{"line":52,"column":4},"end":{"line":52,"column":52}},"8":{"start":{"line":56,"column":4},"end":{"line":56,"column":45}},"9":{"start":{"line":60,"column":0},"end":{"line":60,"column":23}}},"branchMap":{}}}