TN:
SF:/home/jose/Projects/homewatch/clients/js/src/api.js
FN:5,(anonymous_1)
FN:10,(anonymous_2)
FN:17,(anonymous_3)
FNF:3
FNH:3
FNDA:2,(anonymous_1)
FNDA:4,(anonymous_2)
FNDA:5,(anonymous_3)
DA:1,1
DA:2,1
DA:6,2
DA:7,2
DA:11,4
DA:18,5
DA:22,1
LF:7
LH:7
BRF:0
BRH:0
end_of_record
TN:
SF:/home/jose/Projects/homewatch/clients/js/src/users.js
FN:4,(anonymous_1)
FN:13,(anonymous_2)
FN:25,(anonymous_3)
FN:36,(anonymous_4)
FN:40,(anonymous_5)
FNF:5
FNH:5
FNDA:4,(anonymous_1)
FNDA:1,(anonymous_2)
FNDA:1,(anonymous_3)
FNDA:1,(anonymous_4)
FNDA:1,(anonymous_5)
DA:1,1
DA:5,4
DA:6,4
DA:14,1
DA:22,1
DA:26,1
DA:33,1
DA:37,1
DA:41,1
DA:49,1
DA:53,1
LF:11
LH:11
BRF:0
BRH:0
end_of_record
TN:
SF:/home/jose/Projects/homewatch/clients/js/src/homes.js
FN:4,(anonymous_1)
FN:17,(anonymous_2)
FN:26,(anonymous_3)
FN:38,(anonymous_4)
FN:51,(anonymous_5)
FN:55,(anonymous_6)
FNF:6
FNH:6
FNDA:5,(anonymous_1)
FNDA:1,(anonymous_2)
FNDA:1,(anonymous_3)
FNDA:1,(anonymous_4)
FNDA:1,(anonymous_5)
FNDA:1,(anonymous_6)
DA:1,1
DA:5,5
DA:6,5
DA:18,1
DA:27,1
DA:39,1
DA:52,1
DA:56,1
DA:60,1
LF:9
LH:9
BRF:0
BRH:0
end_of_record
